<?xml version="1.0" encoding="UTF-8" standalone="no"?>
<testsuite failures="1" name="cucumber.runtime.formatter.JUnitFormatter" skipped="0" tests="10" time="0">
<testcase classname="Validate creation of EBOM and Release of all parts" name="Login to 3DExperience for all users" time="0">
<system-out><![CDATA[Given Experience url is Open................................................skipped
When experience logo is displayed...........................................skipped
And Enter credentials in "admin_platform" and "enoviaV6" and click on Login button.skipped
Then Verify Login is success................................................skipped
And Click on Profile logo and update Credentials............................skipped
And Verify Credentials are updated for user.................................skipped
]]></system-out>
</testcase>
<testcase classname="Validate creation of EBOM and Release of all parts" name="Create New Part" time="0">
<system-out><![CDATA[Given User login to 3DExperience............................................skipped
When Click on Add button and Navigate to Engineering, Part, Create Part.....skipped
And Enter details in Mandatory fields on create Part page...................skipped
And Click on Ok button......................................................skipped
Then Verify Part is Created successfully....................................skipped
]]></system-out>
</testcase>
<testcase classname="Validate creation of EBOM and Release of all parts" name="Insert as child, New Part" time="0">
<system-out><![CDATA[Given Parent part is created and properties page is open....................skipped
And navigate to categories EBOM.............................................skipped
And click on Insert Part Button, Insert as child New part...................skipped
And enter details in mandatory fields.......................................skipped
And click on OK button......................................................skipped
Then verify part is created successfully under parent part..................skipped
]]></system-out>
</testcase>
<testcase classname="Validate creation of EBOM and Release of all parts" name="Create Change Order" time="0">
<system-out><![CDATA[When select all part checkbox, click on Change, Change Order, Add To New....skipped
And Enter mandatory fields on change order page.............................skipped
Then navigate to categories Change management...............................skipped
And Verify Change Order is created successfully.............................skipped
]]></system-out>
</testcase>
<testcase classname="Validate creation of EBOM and Release of all parts" name="Open Change Order" time="0">
<system-out><![CDATA[When click on Change order name.............................................skipped
And navigate to categories, CO name.........................................skipped
And click on Edit and added Approver List...................................skipped
And Click on Done button....................................................skipped
And Promote CO to In Work state.............................................skipped
]]></system-out>
</testcase>
<testcase classname="Validate creation of EBOM and Release of all parts" name="Open Change Action" time="0">
<system-out><![CDATA[When navigate to Categories, Content........................................skipped
And click on CA name under Related Change Action............................skipped
And navigate to categories , CA Name........................................skipped
And click on Edit and add reviewer..........................................skipped
And Click on Done...........................................................skipped
And Promote CA to In work state.............................................skipped
Then validate CA is promoted to Inwork state................................skipped
]]></system-out>
</testcase>
<testcase classname="Validate creation of EBOM and Release of all parts" name="Promote BOM- Mass Promote" time="0">
<system-out><![CDATA[When navigate to Categories, Content........................................skipped
And Select all parts check box..............................................skipped
And Click Tools- Mass Promote...............................................skipped
And Close - Success message displayed.......................................skipped
]]></system-out>
</testcase>
<testcase classname="Validate creation of EBOM and Release of all parts" name="Promote CA And approve route" time="0">
<system-out><![CDATA[Given Navigate to CA properties page........................................skipped
And Click on Promote........................................................skipped
Then verify CA is promoted to In Approval state.............................skipped
When navigate to Messages (Icon)............................................skipped
And Click on New Task Assignment Notice.....................................skipped
And Click on Inbox Task IT-XXX no...........................................skipped
And Click on Approve button from tool bar...................................skipped
And enter comments and click on Approve button..............................skipped
And Close the window and refresh CA page....................................skipped
Then verify CA is promoted to Approved state................................skipped
]]></system-out>
</testcase>
<testcase classname="Validate creation of EBOM and Release of all parts" name="Promote CO to complete state" time="0">
<system-out><![CDATA[And click on CO name from CA properties page................................skipped
Then verify CO page is open.................................................skipped
And click on CO name from Categories, Properties page display...............skipped
And Click on Approvals then click on task ID................................skipped
And click on Approve from tool bar..........................................skipped
And enter comments, click on Approve........................................skipped
And close the window........................................................skipped
Then verify CO is promoted to Complete state Automatically..................skipped
]]></system-out>
</testcase>
<testcase classname="Validate creation of EBOM and Release of all parts" name="CA promoted to complete state" time="0">
<failure message="The scenario has pending or undefined step(s)"><![CDATA[And navigate to categories, content.........................................skipped
And click on CA.............................................................skipped
Then verify CA is promoted to Complete state and part are promoted to Released state..skipped
And Signout and close window................................................undefined
]]></failure>
</testcase>
</testsuite>
