<?xml version="1.0" encoding="UTF-8" standalone="no"?>
<testsuite failures="9" name="cucumber.runtime.formatter.JUnitFormatter" skipped="0" tests="10" time="81.215747">
<testcase classname="Validate creation of EBOM and Release of all parts" name="Login to 3DExperience for all users" time="81.196816">
<system-out><![CDATA[Given Experience url is Open................................................passed
When experience logo is displayed...........................................passed
And Enter credentials in "admin_platform" and "enoviaV6" and click on Login button.passed
Then Verify Login is success................................................passed
And Click on Profile logo and update Credentials............................passed
And Verify Credentials are updated for user.................................passed
]]></system-out>
</testcase>
<testcase classname="Validate creation of EBOM and Release of all parts" name="Create New Part" time="0.002346">
<failure message="org.openqa.selenium.NoSuchSessionException: Session ID is null. Using WebDriver after calling quit()?&#10;Build info: version: '3.141.59', revision: 'e82be7d358', time: '2018-11-14T08:17:03'&#10;System info: host: 'IN-LP-110', ip: '169.254.11.205', os.name: 'Windows 10', os.arch: 'amd64', os.version: '10.0', java.version: '1.8.0_251'&#10;Driver info: driver.version: RemoteWebDriver&#13;&#10;&#9;at org.openqa.selenium.remote.HttpCommandExecutor.execute(HttpCommandExecutor.java:125)&#13;&#10;&#9;at org.openqa.selenium.remote.service.DriverCommandExecutor.execute(DriverCommandExecutor.java:83)&#13;&#10;&#9;at org.openqa.selenium.remote.RemoteWebDriver.execute(RemoteWebDriver.java:552)&#13;&#10;&#9;at org.openqa.selenium.remote.RemoteWebDriver.findElements(RemoteWebDriver.java:353)&#13;&#10;&#9;at org.openqa.selenium.remote.RemoteWebDriver.findElementsByCssSelector(RemoteWebDriver.java:424)&#13;&#10;&#9;at org.openqa.selenium.By$ByCssSelector.findElements(By.java:441)&#13;&#10;&#9;at org.openqa.selenium.remote.RemoteWebDriver.findElements(RemoteWebDriver.java:311)&#13;&#10;&#9;at org.openqa.selenium.remote.RemoteWebDriver$RemoteTargetLocator.frame(RemoteWebDriver.java:878)&#13;&#10;&#9;at PageObjects.HomePage.hidepanel(HomePage.java:73)&#13;&#10;&#9;at StepDefination.Sanity01.user_login_to_DExperience(Sanity01.java:208)&#13;&#10;&#9;at ✽.Given User login to 3DExperience(./Features/Sanity01-ReleaseEBOM-Newpart.Feature:14)&#13;&#10;"><![CDATA[Given User login to 3DExperience............................................failed
When Click on Add button and Navigate to Engineering, Part, Create Part.....skipped
And Enter details in Mandatory fields on create Part page...................skipped
And Click on Ok button......................................................skipped
Then Verify Part is Created successfully....................................skipped

StackTrace:
org.openqa.selenium.NoSuchSessionException: Session ID is null. Using WebDriver after calling quit()?
Build info: version: '3.141.59', revision: 'e82be7d358', time: '2018-11-14T08:17:03'
System info: host: 'IN-LP-110', ip: '169.254.11.205', os.name: 'Windows 10', os.arch: 'amd64', os.version: '10.0', java.version: '1.8.0_251'
Driver info: driver.version: RemoteWebDriver
	at org.openqa.selenium.remote.HttpCommandExecutor.execute(HttpCommandExecutor.java:125)
	at org.openqa.selenium.remote.service.DriverCommandExecutor.execute(DriverCommandExecutor.java:83)
	at org.openqa.selenium.remote.RemoteWebDriver.execute(RemoteWebDriver.java:552)
	at org.openqa.selenium.remote.RemoteWebDriver.findElements(RemoteWebDriver.java:353)
	at org.openqa.selenium.remote.RemoteWebDriver.findElementsByCssSelector(RemoteWebDriver.java:424)
	at org.openqa.selenium.By$ByCssSelector.findElements(By.java:441)
	at org.openqa.selenium.remote.RemoteWebDriver.findElements(RemoteWebDriver.java:311)
	at org.openqa.selenium.remote.RemoteWebDriver$RemoteTargetLocator.frame(RemoteWebDriver.java:878)
	at PageObjects.HomePage.hidepanel(HomePage.java:73)
	at StepDefination.Sanity01.user_login_to_DExperience(Sanity01.java:208)
	at ✽.Given User login to 3DExperience(./Features/Sanity01-ReleaseEBOM-Newpart.Feature:14)
]]></failure>
</testcase>
<testcase classname="Validate creation of EBOM and Release of all parts" name="Insert as child, New Part" time="0.00261">
<failure message="org.openqa.selenium.NoSuchSessionException: Session ID is null. Using WebDriver after calling quit()?&#10;Build info: version: '3.141.59', revision: 'e82be7d358', time: '2018-11-14T08:17:03'&#10;System info: host: 'IN-LP-110', ip: '169.254.11.205', os.name: 'Windows 10', os.arch: 'amd64', os.version: '10.0', java.version: '1.8.0_251'&#10;Driver info: driver.version: RemoteWebDriver&#13;&#10;&#9;at org.openqa.selenium.remote.HttpCommandExecutor.execute(HttpCommandExecutor.java:125)&#13;&#10;&#9;at org.openqa.selenium.remote.service.DriverCommandExecutor.execute(DriverCommandExecutor.java:83)&#13;&#10;&#9;at org.openqa.selenium.remote.RemoteWebDriver.execute(RemoteWebDriver.java:552)&#13;&#10;&#9;at org.openqa.selenium.remote.RemoteWebDriver.findElement(RemoteWebDriver.java:323)&#13;&#10;&#9;at org.openqa.selenium.remote.RemoteWebDriver.findElementByXPath(RemoteWebDriver.java:428)&#13;&#10;&#9;at org.openqa.selenium.By$ByXPath.findElement(By.java:353)&#13;&#10;&#9;at org.openqa.selenium.remote.RemoteWebDriver.findElement(RemoteWebDriver.java:315)&#13;&#10;&#9;at org.openqa.selenium.support.pagefactory.DefaultElementLocator.findElement(DefaultElementLocator.java:69)&#13;&#10;&#9;at org.openqa.selenium.support.pagefactory.internal.LocatingElementHandler.invoke(LocatingElementHandler.java:38)&#13;&#10;&#9;at com.sun.proxy.$Proxy18.isDisplayed(Unknown Source)&#13;&#10;&#9;at PageObjects.PartEBOMPage.visibilityofpartpropertypage(PartEBOMPage.java:63)&#13;&#10;&#9;at StepDefination.Sanity01.parent_part_is_created_and_properties_page_is_open(Sanity01.java:286)&#13;&#10;&#9;at ✽.Given Parent part is created and properties page is open(./Features/Sanity01-ReleaseEBOM-Newpart.Feature:24)&#13;&#10;"><![CDATA[Given Parent part is created and properties page is open....................failed
And navigate to categories EBOM.............................................skipped
And click on Insert Part Button, Insert as child New part...................skipped
And enter details in mandatory fields.......................................skipped
And click on OK button......................................................skipped
Then verify part is created successfully under parent part..................skipped

StackTrace:
org.openqa.selenium.NoSuchSessionException: Session ID is null. Using WebDriver after calling quit()?
Build info: version: '3.141.59', revision: 'e82be7d358', time: '2018-11-14T08:17:03'
System info: host: 'IN-LP-110', ip: '169.254.11.205', os.name: 'Windows 10', os.arch: 'amd64', os.version: '10.0', java.version: '1.8.0_251'
Driver info: driver.version: RemoteWebDriver
	at org.openqa.selenium.remote.HttpCommandExecutor.execute(HttpCommandExecutor.java:125)
	at org.openqa.selenium.remote.service.DriverCommandExecutor.execute(DriverCommandExecutor.java:83)
	at org.openqa.selenium.remote.RemoteWebDriver.execute(RemoteWebDriver.java:552)
	at org.openqa.selenium.remote.RemoteWebDriver.findElement(RemoteWebDriver.java:323)
	at org.openqa.selenium.remote.RemoteWebDriver.findElementByXPath(RemoteWebDriver.java:428)
	at org.openqa.selenium.By$ByXPath.findElement(By.java:353)
	at org.openqa.selenium.remote.RemoteWebDriver.findElement(RemoteWebDriver.java:315)
	at org.openqa.selenium.support.pagefactory.DefaultElementLocator.findElement(DefaultElementLocator.java:69)
	at org.openqa.selenium.support.pagefactory.internal.LocatingElementHandler.invoke(LocatingElementHandler.java:38)
	at com.sun.proxy.$Proxy18.isDisplayed(Unknown Source)
	at PageObjects.PartEBOMPage.visibilityofpartpropertypage(PartEBOMPage.java:63)
	at StepDefination.Sanity01.parent_part_is_created_and_properties_page_is_open(Sanity01.java:286)
	at ✽.Given Parent part is created and properties page is open(./Features/Sanity01-ReleaseEBOM-Newpart.Feature:24)
]]></failure>
</testcase>
<testcase classname="Validate creation of EBOM and Release of all parts" name="Create Change Order" time="0.001628">
<failure message="org.openqa.selenium.NoSuchSessionException: Session ID is null. Using WebDriver after calling quit()?&#10;Build info: version: '3.141.59', revision: 'e82be7d358', time: '2018-11-14T08:17:03'&#10;System info: host: 'IN-LP-110', ip: '169.254.11.205', os.name: 'Windows 10', os.arch: 'amd64', os.version: '10.0', java.version: '1.8.0_251'&#10;Driver info: driver.version: RemoteWebDriver&#13;&#10;&#9;at org.openqa.selenium.remote.HttpCommandExecutor.execute(HttpCommandExecutor.java:125)&#13;&#10;&#9;at org.openqa.selenium.remote.service.DriverCommandExecutor.execute(DriverCommandExecutor.java:83)&#13;&#10;&#9;at org.openqa.selenium.remote.RemoteWebDriver.execute(RemoteWebDriver.java:552)&#13;&#10;&#9;at org.openqa.selenium.remote.RemoteWebDriver.findElement(RemoteWebDriver.java:323)&#13;&#10;&#9;at org.openqa.selenium.remote.RemoteWebDriver.findElementByXPath(RemoteWebDriver.java:428)&#13;&#10;&#9;at org.openqa.selenium.By$ByXPath.findElement(By.java:353)&#13;&#10;&#9;at org.openqa.selenium.remote.RemoteWebDriver.findElement(RemoteWebDriver.java:315)&#13;&#10;&#9;at org.openqa.selenium.support.pagefactory.DefaultElementLocator.findElement(DefaultElementLocator.java:69)&#13;&#10;&#9;at org.openqa.selenium.support.pagefactory.internal.LocatingElementHandler.invoke(LocatingElementHandler.java:38)&#13;&#10;&#9;at com.sun.proxy.$Proxy18.click(Unknown Source)&#13;&#10;&#9;at PageObjects.PartEBOMPage.clickcheckboxtoenterchildpart(PartEBOMPage.java:140)&#13;&#10;&#9;at StepDefination.Sanity01.select_all_part_checkbox_click_on_Change_Change_Order_Add_To_New(Sanity01.java:410)&#13;&#10;&#9;at ✽.When select all part checkbox, click on Change, Change Order, Add To New(./Features/Sanity01-ReleaseEBOM-Newpart.Feature:35)&#13;&#10;"><![CDATA[When select all part checkbox, click on Change, Change Order, Add To New....failed
And Enter mandatory fields on change order page.............................skipped
Then navigate to categories Change management...............................skipped
And Verify Change Order is created successfully.............................skipped

StackTrace:
org.openqa.selenium.NoSuchSessionException: Session ID is null. Using WebDriver after calling quit()?
Build info: version: '3.141.59', revision: 'e82be7d358', time: '2018-11-14T08:17:03'
System info: host: 'IN-LP-110', ip: '169.254.11.205', os.name: 'Windows 10', os.arch: 'amd64', os.version: '10.0', java.version: '1.8.0_251'
Driver info: driver.version: RemoteWebDriver
	at org.openqa.selenium.remote.HttpCommandExecutor.execute(HttpCommandExecutor.java:125)
	at org.openqa.selenium.remote.service.DriverCommandExecutor.execute(DriverCommandExecutor.java:83)
	at org.openqa.selenium.remote.RemoteWebDriver.execute(RemoteWebDriver.java:552)
	at org.openqa.selenium.remote.RemoteWebDriver.findElement(RemoteWebDriver.java:323)
	at org.openqa.selenium.remote.RemoteWebDriver.findElementByXPath(RemoteWebDriver.java:428)
	at org.openqa.selenium.By$ByXPath.findElement(By.java:353)
	at org.openqa.selenium.remote.RemoteWebDriver.findElement(RemoteWebDriver.java:315)
	at org.openqa.selenium.support.pagefactory.DefaultElementLocator.findElement(DefaultElementLocator.java:69)
	at org.openqa.selenium.support.pagefactory.internal.LocatingElementHandler.invoke(LocatingElementHandler.java:38)
	at com.sun.proxy.$Proxy18.click(Unknown Source)
	at PageObjects.PartEBOMPage.clickcheckboxtoenterchildpart(PartEBOMPage.java:140)
	at StepDefination.Sanity01.select_all_part_checkbox_click_on_Change_Change_Order_Add_To_New(Sanity01.java:410)
	at ✽.When select all part checkbox, click on Change, Change Order, Add To New(./Features/Sanity01-ReleaseEBOM-Newpart.Feature:35)
]]></failure>
</testcase>
<testcase classname="Validate creation of EBOM and Release of all parts" name="Open Change Order" time="0.002617">
<failure message="org.openqa.selenium.NoSuchSessionException: Session ID is null. Using WebDriver after calling quit()?&#10;Build info: version: '3.141.59', revision: 'e82be7d358', time: '2018-11-14T08:17:03'&#10;System info: host: 'IN-LP-110', ip: '169.254.11.205', os.name: 'Windows 10', os.arch: 'amd64', os.version: '10.0', java.version: '1.8.0_251'&#10;Driver info: driver.version: RemoteWebDriver&#13;&#10;&#9;at org.openqa.selenium.remote.HttpCommandExecutor.execute(HttpCommandExecutor.java:125)&#13;&#10;&#9;at org.openqa.selenium.remote.service.DriverCommandExecutor.execute(DriverCommandExecutor.java:83)&#13;&#10;&#9;at org.openqa.selenium.remote.RemoteWebDriver.execute(RemoteWebDriver.java:552)&#13;&#10;&#9;at org.openqa.selenium.remote.RemoteWebDriver.findElement(RemoteWebDriver.java:323)&#13;&#10;&#9;at org.openqa.selenium.remote.RemoteWebDriver.findElementByXPath(RemoteWebDriver.java:428)&#13;&#10;&#9;at org.openqa.selenium.By$ByXPath.findElement(By.java:353)&#13;&#10;&#9;at org.openqa.selenium.remote.RemoteWebDriver.findElement(RemoteWebDriver.java:315)&#13;&#10;&#9;at org.openqa.selenium.support.pagefactory.DefaultElementLocator.findElement(DefaultElementLocator.java:69)&#13;&#10;&#9;at org.openqa.selenium.support.pagefactory.internal.LocatingElementHandler.invoke(LocatingElementHandler.java:38)&#13;&#10;&#9;at com.sun.proxy.$Proxy18.click(Unknown Source)&#13;&#10;&#9;at PageObjects.Partchangemanagementpage.openco(Partchangemanagementpage.java:59)&#13;&#10;&#9;at StepDefination.Sanity01.click_on_Change_order_name(Sanity01.java:478)&#13;&#10;&#9;at ✽.When click on Change order name(./Features/Sanity01-ReleaseEBOM-Newpart.Feature:45)&#13;&#10;"><![CDATA[When click on Change order name.............................................failed
And navigate to categories, CO name.........................................skipped
And click on Edit and added Approver List...................................skipped
And Click on Done button....................................................skipped
And Promote CO to In Work state.............................................skipped

StackTrace:
org.openqa.selenium.NoSuchSessionException: Session ID is null. Using WebDriver after calling quit()?
Build info: version: '3.141.59', revision: 'e82be7d358', time: '2018-11-14T08:17:03'
System info: host: 'IN-LP-110', ip: '169.254.11.205', os.name: 'Windows 10', os.arch: 'amd64', os.version: '10.0', java.version: '1.8.0_251'
Driver info: driver.version: RemoteWebDriver
	at org.openqa.selenium.remote.HttpCommandExecutor.execute(HttpCommandExecutor.java:125)
	at org.openqa.selenium.remote.service.DriverCommandExecutor.execute(DriverCommandExecutor.java:83)
	at org.openqa.selenium.remote.RemoteWebDriver.execute(RemoteWebDriver.java:552)
	at org.openqa.selenium.remote.RemoteWebDriver.findElement(RemoteWebDriver.java:323)
	at org.openqa.selenium.remote.RemoteWebDriver.findElementByXPath(RemoteWebDriver.java:428)
	at org.openqa.selenium.By$ByXPath.findElement(By.java:353)
	at org.openqa.selenium.remote.RemoteWebDriver.findElement(RemoteWebDriver.java:315)
	at org.openqa.selenium.support.pagefactory.DefaultElementLocator.findElement(DefaultElementLocator.java:69)
	at org.openqa.selenium.support.pagefactory.internal.LocatingElementHandler.invoke(LocatingElementHandler.java:38)
	at com.sun.proxy.$Proxy18.click(Unknown Source)
	at PageObjects.Partchangemanagementpage.openco(Partchangemanagementpage.java:59)
	at StepDefination.Sanity01.click_on_Change_order_name(Sanity01.java:478)
	at ✽.When click on Change order name(./Features/Sanity01-ReleaseEBOM-Newpart.Feature:45)
]]></failure>
</testcase>
<testcase classname="Validate creation of EBOM and Release of all parts" name="Open Change Action" time="0.002421">
<failure message="org.openqa.selenium.NoSuchSessionException: Session ID is null. Using WebDriver after calling quit()?&#10;Build info: version: '3.141.59', revision: 'e82be7d358', time: '2018-11-14T08:17:03'&#10;System info: host: 'IN-LP-110', ip: '169.254.11.205', os.name: 'Windows 10', os.arch: 'amd64', os.version: '10.0', java.version: '1.8.0_251'&#10;Driver info: driver.version: RemoteWebDriver&#13;&#10;&#9;at org.openqa.selenium.remote.HttpCommandExecutor.execute(HttpCommandExecutor.java:125)&#13;&#10;&#9;at org.openqa.selenium.remote.service.DriverCommandExecutor.execute(DriverCommandExecutor.java:83)&#13;&#10;&#9;at org.openqa.selenium.remote.RemoteWebDriver.execute(RemoteWebDriver.java:552)&#13;&#10;&#9;at org.openqa.selenium.remote.RemoteWebDriver$RemoteTargetLocator.defaultContent(RemoteWebDriver.java:922)&#13;&#10;&#9;at StepDefination.Sanity01.navigate_to_Categories_Content(Sanity01.java:579)&#13;&#10;&#9;at ✽.When navigate to Categories, Content(./Features/Sanity01-ReleaseEBOM-Newpart.Feature:57)&#13;&#10;"><![CDATA[When navigate to Categories, Content........................................failed
And click on CA name under Related Change Action............................skipped
And navigate to categories , CA Name........................................skipped
And click on Edit and add reviewer..........................................skipped
And Click on Done...........................................................skipped
And Promote CA to In work state.............................................skipped
Then validate CA is promoted to Inwork state................................skipped

StackTrace:
org.openqa.selenium.NoSuchSessionException: Session ID is null. Using WebDriver after calling quit()?
Build info: version: '3.141.59', revision: 'e82be7d358', time: '2018-11-14T08:17:03'
System info: host: 'IN-LP-110', ip: '169.254.11.205', os.name: 'Windows 10', os.arch: 'amd64', os.version: '10.0', java.version: '1.8.0_251'
Driver info: driver.version: RemoteWebDriver
	at org.openqa.selenium.remote.HttpCommandExecutor.execute(HttpCommandExecutor.java:125)
	at org.openqa.selenium.remote.service.DriverCommandExecutor.execute(DriverCommandExecutor.java:83)
	at org.openqa.selenium.remote.RemoteWebDriver.execute(RemoteWebDriver.java:552)
	at org.openqa.selenium.remote.RemoteWebDriver$RemoteTargetLocator.defaultContent(RemoteWebDriver.java:922)
	at StepDefination.Sanity01.navigate_to_Categories_Content(Sanity01.java:579)
	at ✽.When navigate to Categories, Content(./Features/Sanity01-ReleaseEBOM-Newpart.Feature:57)
]]></failure>
</testcase>
<testcase classname="Validate creation of EBOM and Release of all parts" name="Promote BOM- Mass Promote" time="0.001901">
<failure message="org.openqa.selenium.NoSuchSessionException: Session ID is null. Using WebDriver after calling quit()?&#10;Build info: version: '3.141.59', revision: 'e82be7d358', time: '2018-11-14T08:17:03'&#10;System info: host: 'IN-LP-110', ip: '169.254.11.205', os.name: 'Windows 10', os.arch: 'amd64', os.version: '10.0', java.version: '1.8.0_251'&#10;Driver info: driver.version: RemoteWebDriver&#13;&#10;&#9;at org.openqa.selenium.remote.HttpCommandExecutor.execute(HttpCommandExecutor.java:125)&#13;&#10;&#9;at org.openqa.selenium.remote.service.DriverCommandExecutor.execute(DriverCommandExecutor.java:83)&#13;&#10;&#9;at org.openqa.selenium.remote.RemoteWebDriver.execute(RemoteWebDriver.java:552)&#13;&#10;&#9;at org.openqa.selenium.remote.RemoteWebDriver$RemoteTargetLocator.defaultContent(RemoteWebDriver.java:922)&#13;&#10;&#9;at StepDefination.Sanity01.navigate_to_Categories_Content(Sanity01.java:579)&#13;&#10;&#9;at ✽.When navigate to Categories, Content(./Features/Sanity01-ReleaseEBOM-Newpart.Feature:68)&#13;&#10;"><![CDATA[When navigate to Categories, Content........................................failed
And Select all parts check box..............................................skipped
And Click Tools- Mass Promote...............................................skipped
And Close - Success message displayed.......................................skipped

StackTrace:
org.openqa.selenium.NoSuchSessionException: Session ID is null. Using WebDriver after calling quit()?
Build info: version: '3.141.59', revision: 'e82be7d358', time: '2018-11-14T08:17:03'
System info: host: 'IN-LP-110', ip: '169.254.11.205', os.name: 'Windows 10', os.arch: 'amd64', os.version: '10.0', java.version: '1.8.0_251'
Driver info: driver.version: RemoteWebDriver
	at org.openqa.selenium.remote.HttpCommandExecutor.execute(HttpCommandExecutor.java:125)
	at org.openqa.selenium.remote.service.DriverCommandExecutor.execute(DriverCommandExecutor.java:83)
	at org.openqa.selenium.remote.RemoteWebDriver.execute(RemoteWebDriver.java:552)
	at org.openqa.selenium.remote.RemoteWebDriver$RemoteTargetLocator.defaultContent(RemoteWebDriver.java:922)
	at StepDefination.Sanity01.navigate_to_Categories_Content(Sanity01.java:579)
	at ✽.When navigate to Categories, Content(./Features/Sanity01-ReleaseEBOM-Newpart.Feature:68)
]]></failure>
</testcase>
<testcase classname="Validate creation of EBOM and Release of all parts" name="Promote CA And approve route" time="0.002358">
<failure message="org.openqa.selenium.NoSuchSessionException: Session ID is null. Using WebDriver after calling quit()?&#10;Build info: version: '3.141.59', revision: 'e82be7d358', time: '2018-11-14T08:17:03'&#10;System info: host: 'IN-LP-110', ip: '169.254.11.205', os.name: 'Windows 10', os.arch: 'amd64', os.version: '10.0', java.version: '1.8.0_251'&#10;Driver info: driver.version: RemoteWebDriver&#13;&#10;&#9;at org.openqa.selenium.remote.HttpCommandExecutor.execute(HttpCommandExecutor.java:125)&#13;&#10;&#9;at org.openqa.selenium.remote.service.DriverCommandExecutor.execute(DriverCommandExecutor.java:83)&#13;&#10;&#9;at org.openqa.selenium.remote.RemoteWebDriver.execute(RemoteWebDriver.java:552)&#13;&#10;&#9;at org.openqa.selenium.remote.RemoteWebDriver$RemoteTargetLocator.defaultContent(RemoteWebDriver.java:922)&#13;&#10;&#9;at StepDefination.Sanity01.Navigate_to_CA_properties_page(Sanity01.java:723)&#13;&#10;&#9;at ✽.Given Navigate to CA properties page(./Features/Sanity01-ReleaseEBOM-Newpart.Feature:76)&#13;&#10;"><![CDATA[Given Navigate to CA properties page........................................failed
And Click on Promote........................................................skipped
Then verify CA is promoted to In Approval state.............................skipped
When navigate to Messages (Icon)............................................skipped
And Click on New Task Assignment Notice.....................................skipped
And Click on Inbox Task IT-XXX no...........................................skipped
And Click on Approve button from tool bar...................................skipped
And enter comments and click on Approve button..............................skipped
And Close the window and refresh CA page....................................skipped
Then verify CA is promoted to Approved state................................skipped

StackTrace:
org.openqa.selenium.NoSuchSessionException: Session ID is null. Using WebDriver after calling quit()?
Build info: version: '3.141.59', revision: 'e82be7d358', time: '2018-11-14T08:17:03'
System info: host: 'IN-LP-110', ip: '169.254.11.205', os.name: 'Windows 10', os.arch: 'amd64', os.version: '10.0', java.version: '1.8.0_251'
Driver info: driver.version: RemoteWebDriver
	at org.openqa.selenium.remote.HttpCommandExecutor.execute(HttpCommandExecutor.java:125)
	at org.openqa.selenium.remote.service.DriverCommandExecutor.execute(DriverCommandExecutor.java:83)
	at org.openqa.selenium.remote.RemoteWebDriver.execute(RemoteWebDriver.java:552)
	at org.openqa.selenium.remote.RemoteWebDriver$RemoteTargetLocator.defaultContent(RemoteWebDriver.java:922)
	at StepDefination.Sanity01.Navigate_to_CA_properties_page(Sanity01.java:723)
	at ✽.Given Navigate to CA properties page(./Features/Sanity01-ReleaseEBOM-Newpart.Feature:76)
]]></failure>
</testcase>
<testcase classname="Validate creation of EBOM and Release of all parts" name="Promote CO to complete state" time="0.001436">
<failure message="org.openqa.selenium.NoSuchSessionException: Session ID is null. Using WebDriver after calling quit()?&#10;Build info: version: '3.141.59', revision: 'e82be7d358', time: '2018-11-14T08:17:03'&#10;System info: host: 'IN-LP-110', ip: '169.254.11.205', os.name: 'Windows 10', os.arch: 'amd64', os.version: '10.0', java.version: '1.8.0_251'&#10;Driver info: driver.version: RemoteWebDriver&#13;&#10;&#9;at org.openqa.selenium.remote.HttpCommandExecutor.execute(HttpCommandExecutor.java:125)&#13;&#10;&#9;at org.openqa.selenium.remote.service.DriverCommandExecutor.execute(DriverCommandExecutor.java:83)&#13;&#10;&#9;at org.openqa.selenium.remote.RemoteWebDriver.execute(RemoteWebDriver.java:552)&#13;&#10;&#9;at org.openqa.selenium.remote.RemoteWebDriver.findElement(RemoteWebDriver.java:323)&#13;&#10;&#9;at org.openqa.selenium.remote.RemoteWebDriver.findElementByXPath(RemoteWebDriver.java:428)&#13;&#10;&#9;at org.openqa.selenium.By$ByXPath.findElement(By.java:353)&#13;&#10;&#9;at org.openqa.selenium.remote.RemoteWebDriver.findElement(RemoteWebDriver.java:315)&#13;&#10;&#9;at org.openqa.selenium.support.pagefactory.DefaultElementLocator.findElement(DefaultElementLocator.java:69)&#13;&#10;&#9;at org.openqa.selenium.support.pagefactory.internal.LocatingElementHandler.invoke(LocatingElementHandler.java:38)&#13;&#10;&#9;at com.sun.proxy.$Proxy18.click(Unknown Source)&#13;&#10;&#9;at PageObjects.CApropertiespage.clickconumber(CApropertiespage.java:165)&#13;&#10;&#9;at StepDefination.Sanity01.click_on_CO_name_from_CA_properties_page(Sanity01.java:927)&#13;&#10;&#9;at ✽.And click on CO name from CA properties page(./Features/Sanity01-ReleaseEBOM-Newpart.Feature:92)&#13;&#10;"><![CDATA[And click on CO name from CA properties page................................failed
Then verify CO page is open.................................................skipped
And click on CO name from Categories, Properties page display...............skipped
And Click on Approvals then click on task ID................................skipped
And click on Approve from tool bar..........................................skipped
And enter comments, click on Approve........................................skipped
And close the window........................................................skipped
Then verify CO is promoted to Complete state Automatically..................skipped

StackTrace:
org.openqa.selenium.NoSuchSessionException: Session ID is null. Using WebDriver after calling quit()?
Build info: version: '3.141.59', revision: 'e82be7d358', time: '2018-11-14T08:17:03'
System info: host: 'IN-LP-110', ip: '169.254.11.205', os.name: 'Windows 10', os.arch: 'amd64', os.version: '10.0', java.version: '1.8.0_251'
Driver info: driver.version: RemoteWebDriver
	at org.openqa.selenium.remote.HttpCommandExecutor.execute(HttpCommandExecutor.java:125)
	at org.openqa.selenium.remote.service.DriverCommandExecutor.execute(DriverCommandExecutor.java:83)
	at org.openqa.selenium.remote.RemoteWebDriver.execute(RemoteWebDriver.java:552)
	at org.openqa.selenium.remote.RemoteWebDriver.findElement(RemoteWebDriver.java:323)
	at org.openqa.selenium.remote.RemoteWebDriver.findElementByXPath(RemoteWebDriver.java:428)
	at org.openqa.selenium.By$ByXPath.findElement(By.java:353)
	at org.openqa.selenium.remote.RemoteWebDriver.findElement(RemoteWebDriver.java:315)
	at org.openqa.selenium.support.pagefactory.DefaultElementLocator.findElement(DefaultElementLocator.java:69)
	at org.openqa.selenium.support.pagefactory.internal.LocatingElementHandler.invoke(LocatingElementHandler.java:38)
	at com.sun.proxy.$Proxy18.click(Unknown Source)
	at PageObjects.CApropertiespage.clickconumber(CApropertiespage.java:165)
	at StepDefination.Sanity01.click_on_CO_name_from_CA_properties_page(Sanity01.java:927)
	at ✽.And click on CO name from CA properties page(./Features/Sanity01-ReleaseEBOM-Newpart.Feature:92)
]]></failure>
</testcase>
<testcase classname="Validate creation of EBOM and Release of all parts" name="CA promoted to complete state" time="0.001614">
<failure message="org.openqa.selenium.NoSuchSessionException: Session ID is null. Using WebDriver after calling quit()?&#10;Build info: version: '3.141.59', revision: 'e82be7d358', time: '2018-11-14T08:17:03'&#10;System info: host: 'IN-LP-110', ip: '169.254.11.205', os.name: 'Windows 10', os.arch: 'amd64', os.version: '10.0', java.version: '1.8.0_251'&#10;Driver info: driver.version: RemoteWebDriver&#13;&#10;&#9;at org.openqa.selenium.remote.HttpCommandExecutor.execute(HttpCommandExecutor.java:125)&#13;&#10;&#9;at org.openqa.selenium.remote.service.DriverCommandExecutor.execute(DriverCommandExecutor.java:83)&#13;&#10;&#9;at org.openqa.selenium.remote.RemoteWebDriver.execute(RemoteWebDriver.java:552)&#13;&#10;&#9;at org.openqa.selenium.remote.RemoteWebDriver$RemoteTargetLocator.defaultContent(RemoteWebDriver.java:922)&#13;&#10;&#9;at StepDefination.Sanity01.navigate_to_categories_content(Sanity01.java:1068)&#13;&#10;&#9;at ✽.And navigate to categories, content(./Features/Sanity01-ReleaseEBOM-Newpart.Feature:106)&#13;&#10;"><![CDATA[And navigate to categories, content.........................................failed
And click on CA.............................................................skipped
Then verify CA is promoted to Complete state and part are promoted to Released state..skipped

StackTrace:
org.openqa.selenium.NoSuchSessionException: Session ID is null. Using WebDriver after calling quit()?
Build info: version: '3.141.59', revision: 'e82be7d358', time: '2018-11-14T08:17:03'
System info: host: 'IN-LP-110', ip: '169.254.11.205', os.name: 'Windows 10', os.arch: 'amd64', os.version: '10.0', java.version: '1.8.0_251'
Driver info: driver.version: RemoteWebDriver
	at org.openqa.selenium.remote.HttpCommandExecutor.execute(HttpCommandExecutor.java:125)
	at org.openqa.selenium.remote.service.DriverCommandExecutor.execute(DriverCommandExecutor.java:83)
	at org.openqa.selenium.remote.RemoteWebDriver.execute(RemoteWebDriver.java:552)
	at org.openqa.selenium.remote.RemoteWebDriver$RemoteTargetLocator.defaultContent(RemoteWebDriver.java:922)
	at StepDefination.Sanity01.navigate_to_categories_content(Sanity01.java:1068)
	at ✽.And navigate to categories, content(./Features/Sanity01-ReleaseEBOM-Newpart.Feature:106)
]]></failure>
</testcase>
</testsuite>
